<?xml version="1.0" encoding="UTF-8"?>
<testng-results ignored="0" total="0" passed="0" failed="0" skipped="0">
  <reporter-output>
  </reporter-output>
  <suite started-at="2022-01-13T19:10:24 GMT+01:00" name="Surefire suite" finished-at="2022-01-13T19:10:31 GMT+01:00" duration-ms="6704">
    <groups>
    </groups>
    <test started-at="2022-01-13T19:10:24 GMT+01:00" name="Surefire test" finished-at="2022-01-13T19:10:31 GMT+01:00" duration-ms="6704">
    </test> <!-- Surefire test -->
  </suite> <!-- Surefire suite -->
</testng-results>
